[debug] [2021-04-26T02:39:50.563Z] ----------------------------------------------------------------------
[debug] [2021-04-26T02:39:50.570Z] Command:       C:\Program Files\nodejs\node.exe C:\Users\Hp\AppData\Roaming\npm\node_modules\firebase-tools\lib\bin\firebase.js serve
[debug] [2021-04-26T02:39:50.571Z] CLI Version:   9.10.0
[debug] [2021-04-26T02:39:50.571Z] Platform:      win32
[debug] [2021-04-26T02:39:50.571Z] Node Version:  v14.15.4
[debug] [2021-04-26T02:39:50.576Z] Time:          Mon Apr 26 2021 09:39:50 GMT+0700 (Western Indonesia Time)
[debug] [2021-04-26T02:39:50.577Z] ----------------------------------------------------------------------
[debug] 
[debug] [2021-04-26T02:39:50.605Z] > command requires scopes: ["email","openid","https://www.googleapis.com/auth/cloudplatformprojects.readonly","https://www.googleapis.com/auth/firebase","https://www.googleapis.com/auth/cloud-platform"]
[debug] [2021-04-26T02:39:50.606Z] > authorizing via signed-in user (rhevylis48@gmail.com)
[debug] [2021-04-26T02:39:50.606Z] [iam] checking project latihan-login2 for permissions ["firebase.projects.get"]
[debug] [2021-04-26T02:39:50.612Z] >>> HTTP REQUEST POST https://cloudresourcemanager.googleapis.com/v1/projects/latihan-login2:testIamPermissions  
 {"permissions":["firebase.projects.get"]}
[debug] [2021-04-26T02:40:00.962Z] <<< HTTP RESPONSE 200 {"content-type":"application/json; charset=UTF-8","vary":"X-Origin, Referer, Origin,Accept-Encoding","date":"Mon, 26 Apr 2021 02:39:34 GMT","server":"ESF","cache-control":"private","x-xss-protection":"0","x-frame-options":"SAMEORIGIN","x-content-type-options":"nosniff","server-timing":"gfet4t7; dur=935","alt-svc":"h3-29=\":443\"; ma=2592000,h3-T051=\":443\"; ma=2592000,h3-Q050=\":443\"; ma=2592000,h3-Q046=\":443\"; ma=2592000,h3-Q043=\":443\"; ma=2592000,quic=\":443\"; ma=2592000; v=\"46,43\"","accept-ranges":"none","transfer-encoding":"chunked"}
[debug] [2021-04-26T02:40:00.971Z] > refreshing access token with scopes: []
[debug] [2021-04-26T02:40:00.972Z] >>> HTTP REQUEST POST https://www.googleapis.com/oauth2/v3/token  
 <request body omitted>
[debug] [2021-04-26T02:40:01.120Z] <<< HTTP RESPONSE 200 {"date":"Mon, 26 Apr 2021 02:39:34 GMT","cache-control":"no-cache, no-store, max-age=0, must-revalidate","pragma":"no-cache","expires":"Mon, 01 Jan 1990 00:00:00 GMT","content-type":"application/json; charset=utf-8","vary":"X-Origin, Referer, Origin,Accept-Encoding","server":"scaffolding on HTTPServer2","x-xss-protection":"0","x-frame-options":"SAMEORIGIN","x-content-type-options":"nosniff","alt-svc":"h3-29=\":443\"; ma=2592000,h3-T051=\":443\"; ma=2592000,h3-Q050=\":443\"; ma=2592000,h3-Q046=\":443\"; ma=2592000,h3-Q043=\":443\"; ma=2592000,quic=\":443\"; ma=2592000; v=\"46,43\"","accept-ranges":"none","transfer-encoding":"chunked"}
[debug] [2021-04-26T02:40:01.158Z] >>> [apiv2][query] GET https://firebase.googleapis.com/v1beta1/projects/latihan-login2 [none]
[debug] [2021-04-26T02:40:01.539Z] <<< [apiv2][status] GET https://firebase.googleapis.com/v1beta1/projects/latihan-login2 200
[debug] [2021-04-26T02:40:01.540Z] <<< [apiv2][body] GET https://firebase.googleapis.com/v1beta1/projects/latihan-login2 {"projectId":"latihan-login2","projectNumber":"803864898991","displayName":"latihan login2","name":"projects/latihan-login2","resources":{"hostingSite":"latihan-login2","storageBucket":"latihan-login2.appspot.com","locationId":"us-central"},"state":"ACTIVE"}
[info] 
[info] === Serving from 'C:\Users\Hp\Documents\sementara\login-google2'...
[info] 
[debug] [2021-04-26T02:40:01.552Z] >>> [apiv2][query] GET https://firebase.googleapis.com/v1beta1/projects/latihan-login2/webApps/-/config [none]
[debug] [2021-04-26T02:40:02.729Z] <<< [apiv2][status] GET https://firebase.googleapis.com/v1beta1/projects/latihan-login2/webApps/-/config 200
[debug] [2021-04-26T02:40:02.729Z] <<< [apiv2][body] GET https://firebase.googleapis.com/v1beta1/projects/latihan-login2/webApps/-/config {"projectId":"latihan-login2","storageBucket":"latihan-login2.appspot.com","locationId":"us-central","apiKey":"AIzaSyBo0m-_jAVCZKeqC3YCMU8IDz4rwZs8Ozg","authDomain":"latihan-login2.firebaseapp.com","messagingSenderId":"803864898991"}
[info] i  hosting: Serving hosting files from: public {"metadata":{"emulator":{"name":"hosting"},"message":"Serving hosting files from: \u001b[1mpublic\u001b[22m"}}
[info] +  hosting: Local server: http://localhost:5000 {"metadata":{"emulator":{"name":"hosting"},"message":"Local server: \u001b[4m\u001b[1mhttp://localhost:5000\u001b[22m\u001b[24m"}}
